vGraph,facebook0,0.1,7.21763801574707,0,0,0.28125,None,0.18026196167837205,0.017678584402053717
vGraph,facebook0,0.1,4.361783027648926,0,100,0.22395833333333334,None,0.13807155461054083,0.4279873911035164
vGraph,facebook0,0.1,4.199007987976074,0,200,0.2508333333333333,None,0.15200354181210196,0.39608597525026557
vGraph,facebook0,0.1,4.197739124298096,0,300,0.25875,None,0.15879929224183637,0.39090423696933874
vGraph,facebook0,0.1,4.170291423797607,0,400,0.26625,None,0.1628476470744974,0.37481516024068606
vGraph,facebook0,0.1,4.142839431762695,0,500,0.26645833333333335,None,0.16317402254121793,0.368248315580469
vGraph,facebook0,0.1,4.150493621826172,0,600,0.2635416666666667,None,0.15987650609220336,0.38099038021635023
vGraph,facebook0,0.1,4.13825798034668,0,700,0.26145833333333335,None,0.1598551426537093,0.3756047134276521
vGraph,facebook0,0.1,4.118772029876709,0,800,0.2654166666666667,None,0.16268340200858916,0.3849352306354201
vGraph,facebook0,0.1,4.113574981689453,0,900,0.25625,None,0.15619747561062827,0.3817793030215302
vGraph,facebook0,0.1,4.120481967926025,0,1000,0.258125,None,0.15726447156051665,0.3855564718855239
vGraph,facebook0,0.1,4.194516181945801,0,1100,0.26083333333333336,None,0.15934732832938225,0.38757471797112886
vGraph,facebook0,0.1,4.196552753448486,0,1200,0.26229166666666665,None,0.16037671697086678,0.3872254076639612
vGraph,facebook0,0.1,4.199737548828125,0,1300,0.2579166666666667,None,0.15731931360788437,0.39430160080726684
vGraph,facebook0,0.1,7.322116851806641,0,0,0.274375,None,0.1754489083300382,0.014425105206780198
vGraph,facebook0,0.1,4.342102527618408,0,100,0.249375,None,0.1572811391600231,0.4124287806477834
vGraph,facebook0,0.1,7.313475608825684,0,0,0.2735416666666667,None,0.17441608776476947,0.014018902943425903
vGraph,facebook0,0.1,4.325891971588135,0,100,0.219375,None,0.1366694947179139,0.4154687180130492
vGraph,facebook0,0.1,4.196868896484375,0,200,0.2504166666666667,None,0.15336402061660526,0.38868860258699234
vGraph,facebook0,0.1,7.286498546600342,0,0,0.27416666666666667,None,0.17577430035475256,0.022008282901477154
vGraph,facebook0,0.1,7.227813243865967,0,0,0.27375,None,0.17468545211138595,0.02155850549716557
vGraph,facebook0,0.1,7.246362686157227,0,0,0.27770833333333333,None,0.17781920859337877,0.015234436622282016
vGraph,facebook0,0.1,4.368649959564209,0,100,0.23708333333333337,None,0.15118348012650168,0.3958324829745699
vGraph,facebook0,0.1,4.224339962005615,0,200,0.25833333333333336,None,0.15800402125589305,0.3715830352284133
vGraph,facebook0,0.1,4.18322229385376,0,300,0.26104166666666667,None,0.1622229015132655,0.38753003966204597
vGraph,facebook0,0.1,4.160501003265381,0,400,0.24708333333333332,None,0.1509517562518839,0.38377422498105307
vGraph,facebook0,0.1,7.256260871887207,0,0,0.27729166666666666,None,0.17689030181604148,0.01745527165436293
vGraph,facebook0,0.1,4.310075283050537,0,100,0.21291666666666667,None,0.13035116035580369,0.4122996311793765
vGraph,facebook0,0.1,4.176222801208496,0,200,0.2552083333333333,None,0.15375830270829746,0.40452166551280533
vGraph,facebook0,0.1,4.167997360229492,0,300,0.26,None,0.15697856063291307,0.3836594954960009
vGraph,facebook0,0.1,4.172104358673096,0,400,0.26395833333333335,None,0.1596509162431209,0.37324322445956976
vGraph,facebook0,0.1,4.149965286254883,0,500,0.261875,None,0.1586123541289209,0.37838052082458346
vGraph,facebook0,0.1,4.135061264038086,0,600,0.26166666666666666,None,0.15792433722107313,0.3806384695843152
vGraph,facebook0,0.1,4.152423858642578,0,700,0.2589583333333333,None,0.15647707753506118,0.37493966064342127
vGraph,facebook0,0.1,4.1363844871521,0,800,0.25333333333333335,None,0.15340969466149107,0.3705065795310936
vGraph,facebook0,0.1,4.157658576965332,0,900,0.25375,None,0.1534522744662853,0.3651923034796602
vGraph,facebook0,0.1,4.128046989440918,0,1000,0.254375,None,0.1542020127538603,0.3984063318068113
vGraph,facebook0,0.1,4.132648468017578,0,1100,0.2520833333333333,None,0.1522167172784285,0.3891881013546748
vGraph,facebook0,0.1,4.180564880371094,0,1200,0.2504166666666667,None,0.15135287930616595,0.3930631369909451
vGraph,facebook0,0.1,4.1561150550842285,0,1300,0.25020833333333337,None,0.15100104158321498,0.39242668778025397
vGraph,facebook0,0.1,7.2480082511901855,0,0,0.27541666666666664,None,0.175527465730824,0.008636388063657845
vGraph,facebook0,0.1,4.333301544189453,0,100,0.23666666666666666,None,0.14685984131750518,0.36753598416228794
vGraph,facebook0,0.1,7.245141983032227,0,0,0.27666666666666667,0.0185736,0.17705348575271132,0.010351105319303345
vGraph,facebook0,0.1,4.386029243469238,0,100,0.23479166666666668,0.0467805,0.14798124866553464,0.4060831211967295
vGraph,facebook0,0.1,4.213230133056641,0,200,0.2502083333333333,0.0604649,0.1522884716378802,0.3861628991636567
vGraph,facebook0,0.1,4.193681240081787,0,300,0.2622916666666667,0.0539952,0.16003823234942993,0.3717240043553077
vGraph,facebook0,0.1,4.127213954925537,0,400,0.27187500000000003,0.0522538,0.16641596883662957,0.37723015286285533
vGraph,facebook0,0.1,4.123748302459717,0,500,0.2633333333333333,0.0498071,0.15932964958638374,0.3784694834541329
vGraph,facebook0,0.1,4.099554538726807,0,600,0.25645833333333334,0.0448735,0.15493900535654684,0.3924743604028202
vGraph,facebook0,0.1,4.081588268280029,0,700,0.25270833333333337,0.0465654,0.1527101241696405,0.3816232047317717
vGraph,facebook0,0.1,4.099620342254639,0,800,0.25833333333333336,0.0454671,0.1566688109953069,0.39125504443324816
vGraph,facebook0,0.1,4.101714134216309,0,900,0.2552083333333333,0.0554375,0.1548564864253101,0.39333286159763015
vGraph,facebook0,0.1,4.098068714141846,0,1000,0.25499999999999995,0.0458339,0.1551852438962333,0.38993526136653217
vGraph,facebook0,0.1,4.102726459503174,0,1100,0.2529166666666667,0.0453363,0.15326407512111118,0.40180676875594634
vGraph,facebook0,0.1,4.1950483322143555,0,1200,0.2554166666666666,0.046455,0.15503550662298266,0.39515096146617984
vGraph,facebook0,0.1,4.1384124755859375,0,1300,0.25125000000000003,0.0438073,0.15177683240207038,0.4037923137864023
vGraph,facebook0,0.1,4.17716121673584,0,1400,0.2525,0.0546312,0.15270168694785619,0.3929325691635197
vGraph,facebook0,0.1,4.1256818771362305,0,1500,0.25145833333333334,0.0539313,0.15163144041155682,0.40699134375491003
vGraph,facebook0,0.1,4.159958839416504,0,1600,0.25270833333333337,0.0550986,0.1526278098126012,0.3989804520184116
vGraph,facebook0,0.1,4.154872417449951,0,1700,0.25187499999999996,0.0428675,0.15166300214258688,0.39320741562221595
vGraph,facebook0,0.1,4.1347198486328125,0,1800,0.25125,0.04313,0.15137380818060392,0.4046002268428857
vGraph,facebook0,0.1,4.112810134887695,0,1900,0.2502083333333333,0.0450801,0.15067274904974234,0.40791776858716156
vGraph,facebook0,0.1,4.125293731689453,0,2000,0.25145833333333334,0.0459747,0.15188888403319395,0.40274414647172946
vGraph,facebook0,0.1,4.131433010101318,0,2100,0.25166666666666665,0.0459362,0.1516291961272061,0.4068034111849586
vGraph,facebook0,0.1,4.111388683319092,0,2200,0.24916666666666668,0.0409427,0.1499963592533216,0.402359613582269
vGraph,facebook0,0.1,4.124309539794922,0,2300,0.24874999999999997,0.0446054,0.149724122748047,0.3984751222192087
vGraph,facebook0,0.1,4.099163055419922,0,2400,0.25,0.0415107,0.15099171653871152,0.39865147152384234
vGraph,facebook0,0.1,4.098594665527344,0,2500,0.250625,0.0562237,0.15123116941172648,0.4027914251056796
vGraph,facebook0,0.1,4.086751461029053,0,2600,0.25,0.0573933,0.15055472597894587,0.4076564753368642
vGraph,facebook0,0.1,4.068419933319092,0,2700,0.25,0.0569795,0.15056075921267092,0.39595666818641206
vGraph,facebook0,0.1,4.078631401062012,0,2800,0.25,0.0455499,0.15074593401889266,0.39957821154698686
vGraph,facebook0,0.1,4.066244125366211,0,2900,0.24895833333333334,0.0445962,0.15010163985486152,0.3989334885753545
vGraph,facebook0,0.1,4.056737899780273,0,3000,0.24895833333333334,0.044512,0.15050919281744152,0.4008153358020135
vGraph,facebook0,0.1,4.068150520324707,0,3100,0.24875,0.0427493,0.1501558720700067,0.40014421559309227
vGraph,facebook0,0.1,4.072301864624023,0,3200,0.24791666666666667,0.0432637,0.14975040315588864,0.3988478354501816
vGraph,facebook0,0.1,4.048402309417725,0,3300,0.24791666666666667,0.043692,0.14979348096527934,0.4023343195131058
vGraph,facebook0,0.1,4.056291103363037,0,3400,0.24895833333333334,0.0436392,0.15019816801372432,0.3973953570175125
vGraph,facebook0,0.1,4.053080081939697,0,3500,0.24812499999999998,0.0439441,0.1495666703117341,0.40235496451659725
vGraph,facebook0,0.1,4.069016456604004,0,3600,0.24916666666666665,0.0458185,0.15024435493471655,0.39669334810107726
vGraph,facebook0,0.1,4.0483856201171875,0,3700,0.25,0.0454334,0.15089621195474123,0.3983666965520165
vGraph,facebook0,0.1,4.037781715393066,0,3800,0.25083333333333335,0.0470931,0.1519147283333515,0.3941189476847732
vGraph,facebook0,0.1,4.060358047485352,0,3900,0.2527083333333333,0.0461013,0.15286300947074294,0.403324964489806
vGraph,facebook0,0.1,4.037400245666504,0,4000,0.2533333333333333,0.0457144,0.15338710563707866,0.39637886638758607
vGraph,facebook0,0.1,4.0294013023376465,0,4100,0.2520833333333333,0.0452951,0.1524977488896777,0.4001776258277504
vGraph,facebook0,0.1,4.0384979248046875,0,4200,0.255625,0.0580966,0.15457058642835178,0.4003646916227461
vGraph,facebook0,0.1,4.0511474609375,0,4300,0.25437499999999996,0.0583218,0.1539664972825256,0.40222321472332306
vGraph,facebook0,0.1,4.028070449829102,0,4400,0.25479166666666664,0.0577423,0.1540533877039088,0.3945387031565264
vGraph,facebook0,0.1,4.030776500701904,0,4500,0.2552083333333333,0.0578987,0.15474234176369592,0.3952217218216584
vGraph,facebook0,0.1,4.032515048980713,0,4600,0.2522916666666667,0.0554569,0.1523635467293648,0.3997020027702127
vGraph,facebook0,0.1,4.028119087219238,0,4700,0.2545833333333333,0.0578602,0.1541474137776654,0.38672047185337444
vGraph,facebook0,0.1,4.025891304016113,0,4800,0.25145833333333334,0.0564146,0.15235892353790814,0.3853654662043656
vGraph,facebook0,0.1,4.017819404602051,0,4900,0.2525,0.0576619,0.1527720631286396,0.40371083694056176
vGraph,facebook0,0.1,4.0382184982299805,0,5000,0.25166666666666665,0.0589932,0.15209631029385243,0.40183663309305806
vGraph,facebook0,0.05,7.259516716003418,0,0,0.27895833333333336,0.017992,0.17887110099534936,0.01782270543787816
vGraph,facebook0,0.05,5.392673015594482,0,100,0.26687500000000003,0.0291856,0.16945905476160766,0.08524881405486627
vGraph,facebook0,0.05,4.356480121612549,0,200,0.24041666666666667,0.0719736,0.15135425081352916,0.3824023566192688
vGraph,facebook0,0.05,4.225300312042236,0,300,0.24291666666666667,0.054705,0.1487985928840168,0.3401510174125633
vGraph,facebook0,0.05,4.191337585449219,0,400,0.264375,0.0600329,0.1612237570430958,0.34120328220884516
vGraph,facebook0,0.05,4.12753963470459,0,500,0.25833333333333336,0.0612133,0.1577245121786737,0.34834732019186926
vGraph,facebook0,0.05,4.1237969398498535,0,600,0.26291666666666663,0.0452455,0.16043983838639242,0.33350726617445403
vGraph,facebook0,0.05,4.1257195472717285,0,700,0.26187499999999997,0.0446331,0.16064584431176537,0.3575050339925498
vGraph,facebook0,0.05,4.088444232940674,0,800,0.25520833333333337,0.0474282,0.15505003695750183,0.33843834889772223
vGraph,facebook0,0.05,4.102238655090332,0,900,0.24708333333333335,0.0403313,0.14999044178999502,0.34931739896280134
vGraph,facebook0,0.05,4.115761756896973,0,1000,0.25625,0.0379204,0.15581919135550995,0.35417338745581217
vGraph,facebook0,0.05,4.107649803161621,0,1100,0.2533333333333333,0.0527566,0.15537192047785114,0.3561514467025595
vGraph,facebook0,0.05,4.106375217437744,0,1200,0.25375000000000003,0.0411073,0.1538669380988343,0.36868777048303475
vGraph,facebook0,0.05,4.119472026824951,0,1300,0.24916666666666668,0.0362661,0.15132314470006797,0.361831816976213
vGraph,facebook0,0.05,4.098941802978516,0,1400,0.24625000000000002,0.0449385,0.14923995651641225,0.35928278942679537
vGraph,facebook0,0.05,4.103797435760498,0,1500,0.24874999999999997,0.0456745,0.1518602486631308,0.3662834943512276
vGraph,facebook0,0.05,4.083617210388184,0,1600,0.24874999999999997,0.0525294,0.15257173246466338,0.36444443428829343
vGraph,facebook0,0.05,4.085023880004883,0,1700,0.2460416666666667,0.0435805,0.14985299221027681,0.36586255691362557
vGraph,facebook0,0.05,4.081815242767334,0,1800,0.24312499999999998,0.0466993,0.14767179725044519,0.3665903326855636
vGraph,facebook0,0.05,4.070163726806641,0,1900,0.246875,0.0347803,0.14952326607801078,0.36299061629432905
vGraph,facebook0,0.05,4.069745063781738,0,2000,0.246875,0.0428064,0.14969384513520653,0.3617109412687473
vGraph,facebook0,0.05,4.057724952697754,0,2100,0.2452083333333333,0.0350118,0.14902230367117142,0.3554630697922466
vGraph,facebook0,0.05,4.072073459625244,0,2200,0.250625,0.0529411,0.15297200270608372,0.3565153345885286
vGraph,facebook0,0.05,4.06619119644165,0,2300,0.24708333333333335,0.0465423,0.1496415269722186,0.3661416584493774
vGraph,facebook0,0.05,4.074262619018555,0,2400,0.24916666666666665,0.0470785,0.15100642514413218,0.36224471704604355
vGraph,facebook0,0.05,4.053363800048828,0,2500,0.24833333333333335,0.0496665,0.15044619884782834,0.36068152781220797
vGraph,facebook0,0.05,4.061321258544922,0,2600,0.24895833333333334,0.0452409,0.15119162737171493,0.3608501549399632
vGraph,facebook0,0.05,4.038727760314941,0,2700,0.24687499999999998,0.0456491,0.1496934472255195,0.3592361411746313
vGraph,facebook0,0.05,4.041357040405273,0,2800,0.24958333333333332,0.0467422,0.1515777430000736,0.36158746523641444
vGraph,facebook0,0.05,4.0369439125061035,0,2900,0.248125,0.0444725,0.15052347865916432,0.35894569276673144
vGraph,facebook0,0.05,4.025353908538818,0,3000,0.24812499999999998,0.0467473,0.15072717679632122,0.3606462264321919
vGraph,facebook0,0.05,4.031348705291748,0,3100,0.2475,0.0464042,0.1504856839017834,0.3639337462439095
vGraph,facebook0,0.05,4.04999303817749,0,3200,0.24875,0.0466664,0.15142848906754186,0.36613109955446194
vGraph,facebook0,0.05,4.042178630828857,0,3300,0.2475,0.0463572,0.1504531987151268,0.3609497552621514
vGraph,facebook0,0.05,4.047003746032715,0,3400,0.24729166666666663,0.0438935,0.1500037805826796,0.36095196159840237
vGraph,facebook0,0.05,4.036832332611084,0,3500,0.25,0.0520311,0.15215792320368626,0.3609236732157556
vGraph,facebook0,0.05,4.041502952575684,0,3600,0.2475,0.0418359,0.15056488098426546,0.3603865879340829
vGraph,facebook0,0.05,4.041672706604004,0,3700,0.24979166666666666,0.0534174,0.15230670080789038,0.36471833517431085
vGraph,facebook0,0.05,4.0475969314575195,0,3800,0.2504166666666667,0.0536886,0.15292243221941643,0.3660747591823381
vGraph,facebook0,0.05,4.045133590698242,0,3900,0.2504166666666666,0.0530655,0.15225578795816774,0.35886776181843705
vGraph,facebook0,0.05,4.032360076904297,0,4000,0.24812499999999998,0.0436989,0.15061694554916147,0.36062833934901417
vGraph,facebook0,0.05,4.034163475036621,0,4100,0.24645833333333333,0.04424,0.14970914288343046,0.36355898427213207
vGraph,facebook0,0.05,4.034023284912109,0,4200,0.24833333333333335,0.0464442,0.1510133400608088,0.36049154650145204
vGraph,facebook0,0.05,4.030843734741211,0,4300,0.24854166666666663,0.0449453,0.15106053565457603,0.3602491647047347
vGraph,facebook0,0.05,4.022809028625488,0,4400,0.2502083333333333,0.0467745,0.15204597353929275,0.36106550911760577
vGraph,facebook0,0.05,4.014827251434326,0,4500,0.24833333333333332,0.0451843,0.1504410743262269,0.3579879064406265
vGraph,facebook0,0.05,4.031407833099365,0,4600,0.249375,0.0447927,0.15157734962637176,0.36218640673083846
vGraph,facebook0,0.05,4.023796558380127,0,4700,0.24812499999999998,0.0477215,0.15045690586335222,0.3601921151531016
vGraph,facebook0,0.05,4.025077819824219,0,4800,0.250625,0.0466059,0.15256002944078742,0.36228671623253583
vGraph,facebook0,0.05,4.0250630378723145,0,4900,0.24916666666666665,0.0468862,0.1512118287693163,0.35998251320925634
vGraph,facebook0,0.05,4.029312610626221,0,5000,0.24916666666666665,0.0489188,0.15104890358626516,0.35857140358129347
vGraph,facebook0,0.05,7.206195831298828,0,0,0.27625,0.0153959,0.17662881943432918,0.011446866458819288
vGraph,facebook0,0.05,5.385739326477051,0,100,0.2672916666666667,0.0275113,0.16928511111177083,0.09363289180867723
vGraph,facebook0,0.05,7.228652000427246,0,0,0.2814583333333333,0.0191992,0.18118381035447792,0.0110703709371303
vGraph,facebook0,0.05,5.390149116516113,0,100,0.2633333333333333,0.0370261,0.16585378693412675,0.11897912506475206
vGraph,facebook0,0.05,7.226359844207764,0,0,0.2770833333333333,0.0160465,0.17705463536533272,0.013445413113611658
vGraph,facebook0,0.05,5.382936954498291,0,100,0.265,0.0161095,0.16677118454317555,0.05384382385809098
vGraph,facebook0,0.05,7.33344841003418,0,0,0.27708333333333335,0.01697,0.1775894611942281,0.011212916018489723
vGraph,facebook0,0.05,5.387176990509033,0,100,0.26979166666666665,0.0288693,0.17057176710601518,0.09277234187306287
vGraph,facebook0,0.05,4.3858208656311035,0,200,0.20625,0.0469067,0.12536823231565247,0.40689922921643074
vGraph,facebook0,0.05,4.193234443664551,0,300,0.26166666666666666,0.058478,0.15886781477905082,0.3659493132069239
vGraph,facebook0,0.05,4.1411566734313965,0,400,0.26,0.0524752,0.15681846425576204,0.3712180441743188
vGraph,facebook0,0.05,4.129344940185547,0,500,0.2602083333333334,0.0489456,0.1566519713461673,0.3753878620932678
vGraph,facebook0,0.05,4.109675407409668,0,600,0.25958333333333333,0.0471993,0.15670733229837952,0.3679442351664468
vGraph,facebook0,0.05,4.09966516494751,0,700,0.2683333333333333,0.0461991,0.1610041381982811,0.3531422404493614
vGraph,facebook0,0.05,4.072447776794434,0,800,0.2660416666666667,0.049139,0.16130129248212383,0.36292647494760344
vGraph,facebook0,0.05,4.0878167152404785,0,900,0.26958333333333334,0.0473377,0.1640202293354121,0.35858661154188065
vGraph,facebook0,0.05,4.073728561401367,0,1000,0.27770833333333333,0.0585128,0.16949414391526474,0.36086930278671286
vGraph,facebook0,0.05,4.077239036560059,0,1100,0.2675,0.0601936,0.16306979827647167,0.36454182827423054
vGraph,facebook0,0.05,4.0783257484436035,0,1200,0.2622916666666667,0.0455756,0.1594326270103127,0.3632296885866698
vGraph,facebook0,0.05,4.069530963897705,0,1300,0.26666666666666666,0.045779,0.16258627174753246,0.3640312978252932
vGraph,facebook0,0.05,4.06110954284668,0,1400,0.26583333333333337,0.0477701,0.16170558532603474,0.36544863247339276
vGraph,facebook0,0.05,4.074362754821777,0,1500,0.265,0.0461703,0.16122178618870758,0.3648284943914145
vGraph,facebook0,0.05,4.062312602996826,0,1600,0.2660416666666667,0.0454253,0.16203149004732934,0.36456688595022413
vGraph,facebook0,0.05,4.041146278381348,0,1700,0.265625,0.0456891,0.16151802427006615,0.36709463811436416
vGraph,facebook0,0.05,4.054089546203613,0,1800,0.2629166666666667,0.0470833,0.1598278035994648,0.3722510035284044
vGraph,facebook0,0.05,4.044253826141357,0,1900,0.26208333333333333,0.046647,0.15984644238532236,0.3715347322240609
vGraph,facebook0,0.05,4.0515971183776855,0,2000,0.26333333333333336,0.0460896,0.16018196677228114,0.37472178493863467
vGraph,facebook0,0.05,4.03626823425293,0,2100,0.26208333333333333,0.0472351,0.15954145654248847,0.37754471337406964
vGraph,facebook0,0.05,4.039891242980957,0,2200,0.26333333333333336,0.0453246,0.16011174155779417,0.3686061360417477
vGraph,facebook0,0.05,4.031761646270752,0,2300,0.26375,0.0455269,0.16034070415146118,0.36913337160801407
vGraph,facebook0,0.05,4.031951427459717,0,2400,0.264375,0.0453645,0.1605932270514213,0.3704370011414638
vGraph,facebook0,0.05,4.033214569091797,0,2500,0.2629166666666667,0.0436231,0.16023697160720746,0.3709099450764109
vGraph,facebook0,0.05,4.030011177062988,0,2600,0.2625,0.0446712,0.16002565680695918,0.3658424634941968
vGraph,facebook0,0.05,4.024228572845459,0,2700,0.26291666666666663,0.0435533,0.16024769899087757,0.36981757223899475
vGraph,facebook0,0.05,4.024665832519531,0,2800,0.26229166666666665,0.0445049,0.15981368655647255,0.37095296863330546
vGraph,facebook0,0.05,4.03030252456665,0,2900,0.26541666666666663,0.0454223,0.16133867941722851,0.3695011205824223
vGraph,facebook0,0.05,4.0281147956848145,0,3000,0.2627083333333333,0.0432907,0.15956572183799117,0.37106643735478567
vGraph,facebook0,0.05,4.023132801055908,0,3100,0.2633333333333333,0.0482991,0.16017985503600995,0.3718580392825561
vGraph,facebook0,0.05,4.015350341796875,0,3200,0.2633333333333333,0.0471886,0.16033974425461323,0.37032660553119034
vGraph,facebook0,0.05,4.0168776512146,0,3300,0.26416666666666666,0.047285,0.16071249083341033,0.37261827971647316
vGraph,facebook0,0.05,4.018575668334961,0,3400,0.26416666666666666,0.0473547,0.16120758545568725,0.37035402713888144
vGraph,facebook0,0.05,3.9980201721191406,0,3500,0.26645833333333335,0.0470885,0.16238615162882758,0.3740668182629798
vGraph,facebook0,0.05,4.010319232940674,0,3600,0.26479166666666665,0.0465689,0.1614468759783338,0.3723103382140117
vGraph,facebook0,0.05,4.013676166534424,0,3700,0.2660416666666667,0.0463936,0.16172222634072736,0.3735817394786521
vGraph,facebook0,0.05,3.9899916648864746,0,3800,0.26395833333333335,0.045667,0.16076054269987775,0.36622865113584546
vGraph,facebook0,0.05,4.0230793952941895,0,3900,0.26458333333333334,0.0477262,0.16128745356564902,0.36789278025316446
vGraph,facebook0,0.05,4.021705150604248,0,4000,0.2616666666666667,0.0431811,0.15943087545042228,0.3710880279309561
vGraph,facebook0,0.05,4.003180027008057,0,4100,0.26437499999999997,0.0475294,0.16125273337038484,0.3692579508084725
vGraph,facebook0,0.05,4.012139320373535,0,4200,0.26395833333333335,0.0475583,0.16104646659810612,0.3754742243979499
vGraph,facebook0,0.05,4.005549907684326,0,4300,0.26375,0.0459609,0.16072804293516274,0.3696628135105315
vGraph,facebook0,0.05,3.9979965686798096,0,4400,0.26395833333333335,0.0497811,0.16092262040507804,0.37892028522884663
vGraph,facebook0,0.05,4.003182888031006,0,4500,0.26437499999999997,0.0481302,0.16114810929418383,0.37578894250461087
vGraph,facebook0,0.05,4.008552074432373,0,4600,0.26375,0.0472119,0.16074283280554313,0.36800112712263333
vGraph,facebook0,0.05,4.003628253936768,0,4700,0.26416666666666666,0.0443427,0.16111416903874642,0.3744352764168973
vGraph,facebook0,0.05,4.0022783279418945,0,4800,0.26375,0.0474077,0.16068011314303476,0.37859059555476826
vGraph,facebook0,0.05,4.005219459533691,0,4900,0.2629166666666667,0.0479692,0.16061285983047197,0.37485511068637395
vGraph,facebook0,0.05,4.007312774658203,0,5000,0.2635416666666667,0.047161,0.16023290599565476,0.3779026914307949
vGraph,facebook0,0.05,7.224546909332275,0,0,0.2783333333333333,0.0191079,0.17770256374934434,0.01831936748752356
vGraph,facebook0,0.05,5.388198375701904,0,100,0.2675,0.0272751,0.16975494181206915,0.0921380202008995
vGraph,facebook0,0.05,4.357631206512451,0,200,0.2370833333333333,0.070442,0.14716565298795178,0.4089363867556156
vGraph,facebook0,0.05,4.1848883628845215,0,300,0.254375,0.0574598,0.15714422736783468,0.36958409458500463
vGraph,facebook0,0.05,4.153044700622559,0,400,0.264375,0.0501369,0.16275276156082397,0.3726720197637298
vGraph,facebook0,0.05,4.124367713928223,0,500,0.265625,0.0649189,0.1636546641158819,0.3534434053476232
vGraph,facebook0,0.05,4.102438926696777,0,600,0.264375,0.0606001,0.16163813497162677,0.3526531429811479
vGraph,facebook0,0.05,4.0859222412109375,0,700,0.2629166666666667,0.0528764,0.16048408627238636,0.35774733699154393
vGraph,facebook0,0.05,4.089034557342529,0,800,0.256875,0.058656,0.1567515796519804,0.36876105236565737
vGraph,facebook0,0.05,4.080916881561279,0,900,0.259375,0.0503083,0.15861880305007126,0.3698564195165571
vGraph,facebook0,0.05,4.092843055725098,0,1000,0.25708333333333333,0.0535379,0.1564476300438174,0.3680368224912656
vGraph,facebook0,0.05,4.094656944274902,0,1100,0.24854166666666666,0.0552724,0.15166762186609176,0.3733389636933186
vGraph,facebook0,0.05,4.114108085632324,0,1200,0.253125,0.0500598,0.15468876928963127,0.3649968063282767
vGraph,facebook0,0.05,4.108341217041016,0,1300,0.25437499999999996,0.0527407,0.15564866842901953,0.3846851266618242
vGraph,facebook0,0.05,4.111469745635986,0,1400,0.24374999999999997,0.0400288,0.14786926191941538,0.3886647268768475
vGraph,facebook0,0.05,4.090945243835449,0,1500,0.250625,0.0451964,0.15219001575487018,0.38564220380842
vGraph,facebook0,0.05,4.069033145904541,0,1600,0.24541666666666667,0.0532305,0.14915586234766165,0.3858026359729572
vGraph,facebook0,0.05,4.072319507598877,0,1700,0.24604166666666666,0.0536607,0.14994445639229687,0.38435433381962036
vGraph,facebook0,0.05,4.075556755065918,0,1800,0.24083333333333334,0.040854,0.14652160906031164,0.3829014613983349
vGraph,facebook0,0.05,4.069787502288818,0,1900,0.24104166666666665,0.0504336,0.14655669271079214,0.36453520926547756
vGraph,facebook0,0.05,4.0736589431762695,0,2000,0.24083333333333334,0.0530592,0.14654840232251845,0.3820175085389152
vGraph,facebook0,0.05,4.051987648010254,0,2100,0.244375,0.0542937,0.14894031351535586,0.3787507913261357
vGraph,facebook0,0.05,4.039614200592041,0,2200,0.23854166666666665,0.0560711,0.14515398690376058,0.38390739313334576
vGraph,facebook0,0.05,4.041853904724121,0,2300,0.24145833333333333,0.0569588,0.14691954833586468,0.38505681552239507
vGraph,facebook0,0.05,4.050758361816406,0,2400,0.23916666666666667,0.0576339,0.14579728655107638,0.38144811619071
vGraph,facebook0,0.05,4.0528459548950195,0,2500,0.24458333333333335,0.0562235,0.14985147771130625,0.3785959537999492
vGraph,facebook0,0.05,4.0430755615234375,0,2600,0.2435416666666667,0.0559601,0.14834203522985134,0.3690619020730263
vGraph,facebook0,0.05,4.027374744415283,0,2700,0.24416666666666664,0.056266,0.14877953105149455,0.38129225429412134
vGraph,facebook0,0.05,4.049838542938232,0,2800,0.24541666666666667,0.0566632,0.1495701186487875,0.38052641922185354
vGraph,facebook0,0.05,4.038330078125,0,2900,0.245625,0.0563525,0.14961870171416852,0.3794435021112273
vGraph,facebook0,0.05,4.030578136444092,0,3000,0.2441666666666667,0.0561493,0.14845860416628862,0.3766106451626629
vGraph,facebook0,0.05,4.046250343322754,0,3100,0.245625,0.0545888,0.14942714076360472,0.36944690774882627
vGraph,facebook0,0.05,4.04556131362915,0,3200,0.24125000000000002,0.0559813,0.1470413380847272,0.3772337775581247
vGraph,facebook0,0.05,4.029529571533203,0,3300,0.2429166666666667,0.0560113,0.14790965033500145,0.3829047709027115
vGraph,facebook0,0.05,4.025467395782471,0,3400,0.24333333333333335,0.0566888,0.14829938965664186,0.37722920729017617
vGraph,facebook0,0.05,4.0290350914001465,0,3500,0.244375,0.0550082,0.14883851719969124,0.37935162396591776
vGraph,facebook0,0.05,4.013908386230469,0,3600,0.24479166666666666,0.0561141,0.14905851162850237,0.3785933534750821
vGraph,facebook0,0.05,4.020791053771973,0,3700,0.24458333333333332,0.0559724,0.1486719220602999,0.3709074235492669
vGraph,facebook0,0.05,4.040033340454102,0,3800,0.24520833333333333,0.0567973,0.14948489009454224,0.37597277759295333
vGraph,facebook0,0.05,4.029493808746338,0,3900,0.24458333333333335,0.0567497,0.14978600880039109,0.38326873758640356
vGraph,facebook0,0.05,4.021310329437256,0,4000,0.24354166666666666,0.0572858,0.14862094797587128,0.3808353850947172
vGraph,facebook0,0.05,4.0281782150268555,0,4100,0.24583333333333335,0.0569702,0.1501209917306256,0.3795550796873495
vGraph,facebook0,0.05,4.019128322601318,0,4200,0.244375,0.0553149,0.14930308202466566,0.374602485185634
vGraph,facebook0,0.05,4.019756317138672,0,4300,0.245,0.0571906,0.14955092763942254,0.37960204313040663
vGraph,facebook0,0.05,4.0179033279418945,0,4400,0.24541666666666667,0.0554312,0.14984209099754728,0.37591880115252696
vGraph,facebook0,0.05,4.005715847015381,0,4500,0.245,0.0557799,0.14974639159734426,0.3809345126305658
vGraph,facebook0,0.05,4.0110063552856445,0,4600,0.245,0.0567427,0.14927815132199337,0.37780183034503473
vGraph,facebook0,0.05,4.007011890411377,0,4700,0.245,0.0554187,0.14925495869969477,0.3823725710798802
vGraph,facebook0,0.05,4.022380352020264,0,4800,0.246875,0.0561906,0.15038955785949407,0.3773965736543594
vGraph,facebook0,0.05,4.0208001136779785,0,4900,0.24812499999999998,0.0654118,0.1517493424369777,0.37810417720914535
vGraph,facebook0,0.05,4.010601997375488,0,5000,0.24812499999999998,0.0654793,0.15150078417927998,0.3807323176727061
vGraph,facebook0,0.05,7.23282527923584,0,0,0.27291666666666664,0.0153585,0.17374383113042988,0.012616539862743819
vGraph,facebook0,0.05,5.386233806610107,0,100,0.265625,0.0249918,0.16786651696816254,0.08393517721056373
vGraph,facebook0,0.05,4.2920241355896,0,200,0.26541666666666675,0.0564071,0.16728172374046352,0.4249400467522651
vGraph,facebook0,0.05,4.166256904602051,0,300,0.29208333333333336,0.0531319,0.1792231333190667,0.37657881088246986
vGraph,facebook0,0.05,4.142560958862305,0,400,0.29229166666666667,0.0603614,0.1825924542223512,0.37807368249024764
vGraph,facebook0,0.05,4.127355575561523,0,500,0.29333333333333333,0.0534909,0.18038579951485528,0.36658245291323854
vGraph,facebook0,0.05,4.1269426345825195,0,600,0.30041666666666667,0.0503576,0.18607064563820075,0.380667703539641
vGraph,facebook0,0.05,4.0875043869018555,0,700,0.29666666666666663,0.0485671,0.18326976521411809,0.3834861405048507
vGraph,facebook0,0.05,4.071943283081055,0,800,0.2925,0.0532694,0.17920834207596614,0.3732972008999961
vGraph,facebook0,0.05,4.078493595123291,0,900,0.2914583333333334,0.0578411,0.18031569242166423,0.37836231855051283
vGraph,facebook0,0.05,4.0801262855529785,0,1000,0.291875,0.0560059,0.17997266773884768,0.3792469017917183
vGraph,facebook0,0.05,4.092584609985352,0,1100,0.28479166666666667,0.0464041,0.17606352986201923,0.3930351637991913
vGraph,facebook0,0.05,4.111978530883789,0,1200,0.2885416666666667,0.0453129,0.17750492184462685,0.39485515481309896
vGraph,facebook0,0.05,4.078424453735352,0,1300,0.28729166666666667,0.0475152,0.1772544616395188,0.39261312319346375
vGraph,facebook0,0.05,4.0843305587768555,0,1400,0.27729166666666666,0.0432263,0.1703932387728621,0.3973890531996526
vGraph,facebook0,0.05,4.067929744720459,0,1500,0.2779166666666667,0.0468567,0.17097566224904043,0.39250485512171807
vGraph,facebook0,0.05,4.088928699493408,0,1600,0.29000000000000004,0.048687,0.17939603945213453,0.3930059298438655
vGraph,facebook0,0.05,4.057194709777832,0,1700,0.2885416666666667,0.0476667,0.17871402102499592,0.39482883637353344
vGraph,facebook0,0.05,4.058428764343262,0,1800,0.2885416666666667,0.0481857,0.1786222647546021,0.3897909827352613
vGraph,facebook0,0.05,4.060375213623047,0,1900,0.28833333333333333,0.0485139,0.17844945465218298,0.3948184350740644
vGraph,facebook0,0.05,4.04316520690918,0,2000,0.28770833333333334,0.0472987,0.17789433480678957,0.3907780030166921
vGraph,facebook0,0.05,4.064328193664551,0,2100,0.28875000000000006,0.0471842,0.1779313846422772,0.3905057568828631
vGraph,facebook0,0.05,4.046990871429443,0,2200,0.285625,0.0577558,0.17630747821219017,0.40099168510664723
vGraph,facebook0,0.05,4.047729969024658,0,2300,0.2891666666666667,0.0465853,0.1782145947578123,0.39626287613896205
vGraph,facebook0,0.05,4.050715446472168,0,2400,0.28833333333333333,0.0465112,0.17797979028221012,0.39477099884466793
vGraph,facebook0,0.05,4.037960052490234,0,2500,0.2889583333333333,0.047878,0.17885444920263005,0.39562098988536676
vGraph,facebook0,0.05,4.046231746673584,0,2600,0.28729166666666667,0.0465174,0.17735503275015502,0.3940313246165192
vGraph,facebook0,0.05,4.038421154022217,0,2700,0.28604166666666664,0.0462411,0.17656498872602128,0.39098035556999833
vGraph,facebook0,0.05,4.040629863739014,0,2800,0.2845833333333333,0.0454774,0.17561841590226268,0.3976022010410442
vGraph,facebook0,0.05,4.030875205993652,0,2900,0.28541666666666665,0.0468326,0.17568097194678092,0.3993117964446783
vGraph,facebook0,0.05,4.048428058624268,0,3000,0.28604166666666664,0.0457808,0.1763292170466252,0.3949130711396877
vGraph,facebook0,0.05,4.034517765045166,0,3100,0.286875,0.0584153,0.1769544109667655,0.397478331020095
vGraph,facebook0,0.05,4.036904335021973,0,3200,0.28708333333333336,0.058913,0.17710929117500396,0.3964675138262425
vGraph,facebook0,0.05,4.039628982543945,0,3300,0.286875,0.0590849,0.17676217343705586,0.3981907412359991
vGraph,facebook0,0.05,4.036393165588379,0,3400,0.28625,0.0477811,0.176486697803015,0.3989592554308574
vGraph,facebook0,0.05,4.035855770111084,0,3500,0.2875,0.0587405,0.1773386485817049,0.3961270288640789
vGraph,facebook0,0.05,4.0198187828063965,0,3600,0.2875,0.058019,0.1774476212719604,0.39469164953735497
vGraph,facebook0,0.05,4.021293640136719,0,3700,0.28625,0.0466197,0.17644438888359315,0.39325028158366404
vGraph,facebook0,0.05,4.026908874511719,0,3800,0.2879166666666667,0.057692,0.17748706258278243,0.3905777780019135
vGraph,facebook0,0.05,4.024501800537109,0,3900,0.2889583333333333,0.0590109,0.1783187699820275,0.393212143485611
vGraph,facebook0,0.05,4.025487422943115,0,4000,0.2875,0.059051,0.17737003452490252,0.3927723733921522
vGraph,facebook0,0.05,4.023270606994629,0,4100,0.2872916666666666,0.0577501,0.1771946323620946,0.3926905813554186
vGraph,facebook0,0.05,4.024963855743408,0,4200,0.2885416666666667,0.0582547,0.17816382490495902,0.3947516934024716
vGraph,facebook0,0.05,4.022455215454102,0,4300,0.28937500000000005,0.058228,0.17855759639000685,0.3941255666935262
vGraph,facebook0,0.05,4.019237518310547,0,4400,0.29020833333333335,0.0581703,0.17932373371720067,0.3902215334950998
vGraph,facebook0,0.05,4.014185428619385,0,4500,0.28979166666666667,0.0594959,0.1789509360508202,0.39758494433965225
vGraph,facebook0,0.05,4.021373271942139,0,4600,0.28958333333333336,0.0589375,0.17904469458492567,0.3949863530223104
vGraph,facebook0,0.05,4.008674144744873,0,4700,0.2902083333333334,0.0590347,0.1793011943465253,0.3946409826013051
vGraph,facebook0,0.05,4.017477035522461,0,4800,0.29000000000000004,0.0592114,0.1792775833894278,0.3932601312990704
vGraph,facebook0,0.05,4.019125461578369,0,4900,0.2895833333333333,0.058852,0.17918646857475834,0.39658460724299227
vGraph,facebook0,0.05,4.01324462890625,0,5000,0.28875,0.0581878,0.1782667169660815,0.39627587776329837
vGraph,facebook0,0.05,7.280118942260742,0,0,0.2783333333333333,0.0200256,0.17876414966843815,0.0033442541724576355
vGraph,facebook0,0.05,5.383299827575684,0,100,0.26333333333333336,0.01931,0.16531159808356358,0.06271510793475739
vGraph,facebook0,0.05,4.400134086608887,0,200,0.20687499999999998,0.0903634,0.13147989019267803,0.4162075254662423
vGraph,facebook0,0.05,4.241683006286621,0,300,0.22916666666666666,0.0584557,0.13998419266108908,0.3753391651002993
vGraph,facebook0,0.05,4.18965482711792,0,400,0.25145833333333334,0.0650726,0.15323085062250258,0.3486502186400427
vGraph,facebook0,0.05,4.149393081665039,0,500,0.24812499999999998,0.0498156,0.1497468227011747,0.3485873380568891
vGraph,facebook0,0.05,4.153375148773193,0,600,0.24854166666666666,0.047231,0.15009463278314958,0.36220303305044427
vGraph,facebook0,0.05,4.12890100479126,0,700,0.24958333333333335,0.0645604,0.15163717984594124,0.35525425582563386
vGraph,facebook0,0.05,4.111839294433594,0,800,0.24458333333333335,0.0637562,0.14890242041301208,0.3581429803599827
vGraph,facebook0,0.05,4.119736671447754,0,900,0.24458333333333335,0.049612,0.14894339808359003,0.36265682913864167
vGraph,facebook0,0.05,4.120528221130371,0,1000,0.24208333333333337,0.050461,0.1458193365876524,0.37072697676302424
vGraph,facebook0,0.05,4.1315531730651855,0,1100,0.2360416666666667,0.056685,0.142883185324214,0.36722575752585235
vGraph,facebook0,0.05,4.142776966094971,0,1200,0.2416666666666667,0.0618509,0.14682507728580835,0.3745098190630919
vGraph,facebook0,0.05,4.1451497077941895,0,1300,0.23333333333333334,0.0471403,0.14158144150892046,0.3902558105047135
vGraph,facebook0,0.05,4.134729862213135,0,1400,0.22999999999999998,0.0464442,0.13847140721067627,0.38231355158516594
vGraph,facebook0,0.05,4.132631778717041,0,1500,0.2316666666666667,0.0506687,0.14029631741548013,0.3891360948573296
vGraph,facebook0,0.05,4.1477437019348145,0,1600,0.23333333333333334,0.0504871,0.14124890804744397,0.3747230457022067
vGraph,facebook0,0.05,4.1312689781188965,0,1700,0.23395833333333332,0.0514786,0.14164131926987555,0.3868520640512021
vGraph,facebook0,0.05,4.118287563323975,0,1800,0.234375,0.0509939,0.141906958899146,0.3802630772307516
vGraph,facebook0,0.05,4.103025913238525,0,1900,0.2370833333333333,0.0494229,0.14360165041081657,0.3800557604208807
vGraph,facebook0,0.05,4.094651699066162,0,2000,0.23375,0.048117,0.14137519018767167,0.38299097561194706
vGraph,facebook0,0.05,4.096154689788818,0,2100,0.23041666666666666,0.0487635,0.13915526393706834,0.3845548740252918
vGraph,facebook0,0.05,4.089213848114014,0,2200,0.23125,0.0485005,0.13942908531209353,0.38177236882188414
vGraph,facebook0,0.05,4.088004112243652,0,2300,0.23208333333333334,0.0510656,0.14042804370033773,0.3801634769085636
vGraph,facebook0,0.05,4.092540740966797,0,2400,0.23104166666666667,0.0485896,0.1395858732607137,0.3797817807371401
vGraph,facebook0,0.05,4.0852952003479,0,2500,0.23125,0.0496542,0.13958135605287103,0.38387713480761765
vGraph,facebook0,0.05,4.0925774574279785,0,2600,0.23145833333333332,0.0490617,0.13992578795595978,0.38068897892491843
vGraph,facebook0,0.05,4.073135852813721,0,2700,0.23083333333333333,0.0490201,0.139815780874323,0.3797908424753138
vGraph,facebook0,0.05,4.089454650878906,0,2800,0.2295833333333333,0.0501882,0.13883454493399688,0.3875165652513702
vGraph,facebook0,0.05,4.068046569824219,0,2900,0.23208333333333334,0.0527439,0.14064771355725658,0.3802860073682175
vGraph,facebook0,0.05,4.079033374786377,0,3000,0.23020833333333335,0.0504447,0.13952039114541182,0.3844556676917199
vGraph,facebook0,0.05,4.068347454071045,0,3100,0.2316666666666667,0.0508118,0.14022361175616868,0.3856845181858053
vGraph,facebook0,0.05,4.062012195587158,0,3200,0.23124999999999998,0.0513879,0.14034958680847034,0.3773002040388245
vGraph,facebook0,0.05,4.067037582397461,0,3300,0.23145833333333332,0.0505945,0.14048028647340724,0.3770935176107395
vGraph,facebook0,0.05,4.079678058624268,0,3400,0.23229166666666667,0.0522457,0.14095383178205978,0.3844087042486628
vGraph,facebook0,0.05,4.064563274383545,0,3500,0.23166666666666666,0.0518899,0.14041374577970922,0.3824848578355116
vGraph,facebook0,0.05,4.063941955566406,0,3600,0.23333333333333334,0.0519505,0.14155422135406062,0.37976105693592527
vGraph,facebook0,0.05,4.051938056945801,0,3700,0.23354166666666665,0.051569,0.14182613781086922,0.37934807806837156
vGraph,facebook0,0.05,4.056997299194336,0,3800,0.2329166666666667,0.0522547,0.14110915369092406,0.3836245881046011
vGraph,facebook0,0.05,4.070777416229248,0,3900,0.23,0.0540519,0.13938390852040092,0.38970186251026534
vGraph,facebook0,0.05,4.064845085144043,0,4000,0.22958333333333333,0.0536338,0.13887047689480375,0.38385979930850267
vGraph,facebook0,0.05,4.072818756103516,0,4100,0.2316666666666667,0.0540191,0.1402772644476425,0.3872457374765596
vGraph,facebook0,0.05,4.082647323608398,0,4200,0.231875,0.0549789,0.14063850417193183,0.38960226218807714
vGraph,facebook0,0.05,4.055891990661621,0,4300,0.23104166666666665,0.0549849,0.14023150459223088,0.3783366304927331
vGraph,facebook0,0.05,4.057013034820557,0,4400,0.23229166666666667,0.0555763,0.14043130304379844,0.3842047757408916
vGraph,facebook0,0.05,4.06650972366333,0,4500,0.23145833333333335,0.0535325,0.14016755432576314,0.38266443784679854
vGraph,facebook0,0.05,4.04872989654541,0,4600,0.23312499999999997,0.0516691,0.1415056270271773,0.3750327207545795
vGraph,facebook0,0.05,4.047662258148193,0,4700,0.23249999999999998,0.051594,0.14093244693708784,0.3672811523252971
vGraph,facebook0,0.05,4.0474042892456055,0,4800,0.23270833333333335,0.0532717,0.14100011135371573,0.3763086134894452
vGraph,facebook0,0.05,4.051127910614014,0,4900,0.2320833333333333,0.0531307,0.1407568408993606,0.3789086231658056
vGraph,facebook0,0.05,4.057985782623291,0,5000,0.23229166666666667,0.0530378,0.14086913955176897,0.38069307640652744
vGraph,facebook0,0.05,7.278491020202637,0,0,0.27666666666666667,0.0174577,0.17645608477861668,0.015657501598411814
vGraph,facebook0,0.05,5.385998249053955,0,100,0.2597916666666667,0.0278579,0.16304499071373107,0.09429376831357586
vGraph,facebook0,0.05,4.387700080871582,0,200,0.22125,0.0731995,0.13784976684206904,0.40356900103871163
vGraph,facebook0,0.05,4.231574058532715,0,300,0.24354166666666668,0.0496288,0.14775600766892485,0.354786118551805
vGraph,facebook0,0.05,4.160210132598877,0,400,0.24916666666666668,0.050138,0.1510934969031041,0.3588906131581797
vGraph,facebook0,0.05,4.1192946434021,0,500,0.2425,0.0465643,0.1462247631015368,0.3644251288460971
vGraph,facebook0,0.05,4.130314350128174,0,600,0.24895833333333334,0.0451772,0.15043085270034795,0.3466441862015416
vGraph,facebook0,0.05,4.089094638824463,0,700,0.24041666666666667,0.0469074,0.14437491579234002,0.3637830849970553
vGraph,facebook0,0.05,4.090829372406006,0,800,0.24208333333333334,0.0510981,0.1463068393978643,0.3643446763706588
vGraph,facebook0,0.05,4.07357120513916,0,900,0.23729166666666668,0.0530102,0.14263681850356652,0.3823817904135004
vGraph,facebook0,0.05,4.077026844024658,0,1000,0.23895833333333333,0.046494,0.1448736005922572,0.3794359375297954
vGraph,facebook0,0.05,4.076344966888428,0,1100,0.23729166666666665,0.0513979,0.14454048398567546,0.37682379300405444
vGraph,facebook0,0.05,4.108172416687012,0,1200,0.23395833333333332,0.0470133,0.14122302670438822,0.3836577619460894
vGraph,facebook0,0.05,4.094733715057373,0,1300,0.23729166666666668,0.0467356,0.14422741895251595,0.3867119616992635
vGraph,facebook0,0.05,4.084199905395508,0,1400,0.2352083333333333,0.0487644,0.14281865578036235,0.3917968575783159
vGraph,facebook0,0.05,4.053521633148193,0,1500,0.2320833333333333,0.0529916,0.14051071637375467,0.38629551573188664
vGraph,facebook0,0.05,4.076594352722168,0,1600,0.22874999999999998,0.0499688,0.13873032072272187,0.3900350980818901
vGraph,facebook0,0.05,4.054183006286621,0,1700,0.22854166666666664,0.0466649,0.1390554122510563,0.3852416749811398
vGraph,facebook0,0.05,4.070791721343994,0,1800,0.23062500000000002,0.0448629,0.1406092202116521,0.3851153622307699
vGraph,facebook0,0.05,4.0484747886657715,0,1900,0.230625,0.056293,0.14033226705356983,0.3916202718805124
vGraph,facebook0,0.05,4.056978225708008,0,2000,0.2341666666666667,0.0589113,0.14234248604662236,0.3844951453510683
vGraph,facebook0,0.05,4.041529655456543,0,2100,0.23291666666666666,0.0547952,0.14130905381702608,0.3909305554089043
vGraph,facebook0,0.05,4.047347545623779,0,2200,0.23208333333333334,0.0564742,0.1411542207874348,0.379643411935113
vGraph,facebook0,0.05,4.052293300628662,0,2300,0.23125,0.0496751,0.14027060584816167,0.38736787394759736
vGraph,facebook0,0.05,4.033794403076172,0,2400,0.23270833333333332,0.0475033,0.14143260219548975,0.391629254820963
vGraph,facebook0,0.05,4.030415058135986,0,2500,0.23125,0.0549002,0.14091491534112485,0.3902486399118979
vGraph,facebook0,0.05,4.032193660736084,0,2600,0.2325,0.0553499,0.1420952382875395,0.3933111922237364
vGraph,facebook0,0.05,4.0256876945495605,0,2700,0.23333333333333334,0.0604925,0.14204283274886675,0.38623696902351184
vGraph,facebook0,0.05,4.0333709716796875,0,2800,0.23479166666666668,0.0572271,0.14276557941812182,0.38896604937055596
vGraph,facebook0,0.05,4.0170392990112305,0,2900,0.23750000000000002,0.0587003,0.14450698233980624,0.39035824754493875
vGraph,facebook0,0.05,4.024447441101074,0,3000,0.236875,0.0606894,0.14386749791229247,0.3929916674559572
vGraph,facebook0,0.05,4.017709732055664,0,3100,0.23583333333333334,0.057304,0.14323082696970668,0.39039748881111735
vGraph,facebook0,0.05,4.029989242553711,0,3200,0.236875,0.0586216,0.14410636337864816,0.38872461314651763
vGraph,facebook0,0.05,4.026188373565674,0,3300,0.23625000000000002,0.0561494,0.14366850999412678,0.38394182773840607
vGraph,facebook0,0.05,4.027823448181152,0,3400,0.236875,0.055651,0.1439425919863203,0.38851154410284944
vGraph,facebook0,0.05,4.0149312019348145,0,3500,0.2360416666666667,0.0580339,0.143536167647756,0.38567474726812234
vGraph,facebook0,0.05,4.006537437438965,0,3600,0.2360416666666667,0.0577868,0.14337934445348977,0.38585677000883006
vGraph,facebook0,0.05,4.012131214141846,0,3700,0.23520833333333335,0.0566742,0.14306015010943035,0.38790582600422574
vGraph,facebook0,0.05,4.004279613494873,0,3800,0.236875,0.0591467,0.14352224724773616,0.3869541859005343
vGraph,facebook0,0.05,4.0132222175598145,0,3900,0.2358333333333333,0.0597263,0.14304236702267567,0.3861388658580655
vGraph,facebook0,0.05,4.010443210601807,0,4000,0.23520833333333335,0.0589432,0.1432887804369772,0.38587906976450986
vGraph,facebook0,0.05,4.00571870803833,0,4100,0.2366666666666667,0.0588515,0.14388316920087146,0.3879683125987632
vGraph,facebook0,0.05,4.010435104370117,0,4200,0.23625000000000002,0.0583857,0.14336643881727731,0.3886146115248605
vGraph,facebook0,0.05,3.9953951835632324,0,4300,0.23354166666666668,0.0559448,0.14184277826294983,0.3896166033737088
vGraph,facebook0,0.05,3.9999732971191406,0,4400,0.23479166666666668,0.0587126,0.14256674658355212,0.3858985328021527
vGraph,facebook0,0.05,3.9910309314727783,0,4500,0.23458333333333337,0.05756,0.14247617487747105,0.3856514231420404
vGraph,facebook0,0.05,3.9979665279388428,0,4600,0.23791666666666667,0.059614,0.1447726210815195,0.38485564493493757
vGraph,facebook0,0.05,3.999142646789551,0,4700,0.23729166666666668,0.0595482,0.1444334017165182,0.3872140607918132
vGraph,facebook0,0.05,4.006935119628906,0,4800,0.23645833333333335,0.0610065,0.1436014963114767,0.38598174319790474
vGraph,facebook0,0.05,3.987851142883301,0,4900,0.23562500000000003,0.0613268,0.14301562752152394,0.3876874775130998
vGraph,facebook0,0.05,3.994466543197632,0,5000,0.233125,0.0489333,0.14167763941238287,0.3884243938209347
vGraph,facebook0,0.02,7.2643327713012695,0,0,0.2816666666666666,0.0192048,0.1806605279350838,0.015757338313769697
vGraph,facebook0,0.02,5.3790388107299805,0,100,0.27645833333333336,0.019382,0.17657685718076532,0.013609942759757875
vGraph,facebook0,0.02,5.377719402313232,0,200,0.27,0.016549,0.17137021352191364,0.01339340661626659
vGraph,facebook0,0.02,5.379135608673096,0,300,0.26812499999999995,0.0181346,0.17087556824986397,0.025895138196235012
vGraph,facebook0,0.02,5.182082653045654,0,400,0.23375,0.0250987,0.14529822851476074,0.2086886782328066
vGraph,facebook0,0.02,4.454893589019775,0,500,0.18645833333333334,0.0354884,0.11751188453429383,0.41504037358946166
vGraph,facebook0,0.02,4.236685752868652,0,600,0.265625,0.0810447,0.16711415973741942,0.36790586067522396
vGraph,facebook0,0.02,4.14540958404541,0,700,0.2766666666666666,0.0634763,0.17191768743271954,0.33365209638978777
vGraph,facebook0,0.02,4.100878715515137,0,800,0.27541666666666664,0.0721984,0.1703390440426628,0.35297353452388275
vGraph,facebook0,0.02,4.077001571655273,0,900,0.28125,0.0485859,0.17464498623035182,0.3246730958254384
vGraph,facebook0,0.02,4.047329902648926,0,1000,0.28125,0.0612095,0.1726054024756804,0.34591696201366634
vGraph,facebook0,0.02,4.06553316116333,0,1100,0.2835416666666667,0.0575938,0.17566785839776367,0.34786121703713935
vGraph,facebook0,0.02,4.051974296569824,0,1200,0.27479166666666666,0.0507896,0.1683585935421164,0.35781975209921074
vGraph,facebook0,0.02,4.066545486450195,0,1300,0.2708333333333333,0.0519999,0.1661592706058132,0.35775915665003144
vGraph,facebook0,0.02,4.063126564025879,0,1400,0.26979166666666665,0.0538934,0.1653701033239403,0.3599591890831743
vGraph,facebook0,0.02,4.032548904418945,0,1500,0.27125,0.0513719,0.16724981298337158,0.3607998031948064
vGraph,facebook0,0.02,4.042625427246094,0,1600,0.270625,0.055052,0.16633588643220643,0.36713324899875677
vGraph,facebook0,0.02,4.033952236175537,0,1700,0.26895833333333335,0.0444649,0.16545402527906444,0.3589612159182118
vGraph,facebook0,0.02,4.033908843994141,0,1800,0.26979166666666665,0.0457333,0.1662922826850483,0.355877782209712
vGraph,facebook0,0.02,4.045953750610352,0,1900,0.2625,0.0489314,0.16196440086653963,0.37067008480683766
vGraph,facebook0,0.02,4.023959636688232,0,2000,0.26416666666666666,0.0478004,0.16230702914750386,0.3722308313112524
vGraph,facebook0,0.02,4.024313926696777,0,2100,0.26479166666666665,0.0577284,0.1628372774701819,0.3687877647938391
vGraph,facebook0,0.02,4.030467987060547,0,2200,0.26249999999999996,0.0591408,0.16136167052943617,0.3693633821621811
vGraph,facebook0,0.02,4.022668361663818,0,2300,0.26249999999999996,0.0597283,0.16076708173878812,0.36196947659873097
vGraph,facebook0,0.02,4.015048027038574,0,2400,0.26645833333333335,0.0573589,0.16363939523377857,0.36998123511018516
vGraph,facebook0,0.02,4.033432483673096,0,2500,0.2627083333333333,0.0442143,0.16135652173621834,0.37136342597371513
vGraph,facebook0,0.02,4.017337799072266,0,2600,0.2652083333333333,0.0679263,0.16289052427848666,0.3715578987546964
vGraph,facebook0,0.02,4.024284362792969,0,2700,0.26416666666666666,0.0673446,0.16243243808414742,0.36342408256992764
vGraph,facebook0,0.02,4.024238586425781,0,2800,0.2639583333333333,0.0602606,0.162016795238794,0.3684318354779183
vGraph,facebook0,0.02,4.007492542266846,0,2900,0.26374999999999993,0.0498529,0.1619937364077783,0.365360851809692
vGraph,facebook0,0.02,4.014229774475098,0,3000,0.2658333333333333,0.0495901,0.16296925277045388,0.3640357104977951
vGraph,facebook0,0.02,4.017443656921387,0,3100,0.266875,0.050383,0.16388848807618456,0.3636309265934593
vGraph,facebook0,0.02,4.021015167236328,0,3200,0.26708333333333334,0.0505593,0.16379669567343896,0.3682222335340731
vGraph,facebook0,0.02,4.013820171356201,0,3300,0.26812500000000006,0.0567663,0.16460102348731093,0.36467578440375575
vGraph,facebook0,0.02,4.023730278015137,0,3400,0.265,0.0575756,0.16262360152411803,0.3584705424955332
vGraph,facebook0,0.02,4.016734600067139,0,3500,0.2633333333333333,0.0483416,0.16130213359274112,0.3732251797809453
vGraph,facebook0,0.02,4.0009379386901855,0,3600,0.26458333333333334,0.0593922,0.16252837932802938,0.37209687518172707
vGraph,facebook0,0.02,4.0159912109375,0,3700,0.2660416666666667,0.0688293,0.16397315992262051,0.3685386063929223
vGraph,facebook0,0.02,4.000969886779785,0,3800,0.26375,0.0608446,0.16188703871764754,0.3650305317538276
vGraph,facebook0,0.02,4.003393173217773,0,3900,0.2652083333333333,0.0506549,0.16266467328106032,0.3656620167079539
vGraph,facebook0,0.02,4.002065181732178,0,4000,0.26375000000000004,0.0500809,0.16133747725645936,0.36967368759634
vGraph,facebook0,0.02,4.00691556930542,0,4100,0.2639583333333333,0.0495275,0.16185335247201926,0.3670895162623528
vGraph,facebook0,0.02,4.0013322830200195,0,4200,0.265,0.0484435,0.16251632717686343,0.3724393300869721
vGraph,facebook0,0.02,4.003714561462402,0,4300,0.26416666666666666,0.04909,0.1619036023669761,0.3667720402353781
vGraph,facebook0,0.02,4.004055976867676,0,4400,0.26458333333333334,0.0498121,0.16207101628518933,0.3622129615635737
vGraph,facebook0,0.02,4.000528812408447,0,4500,0.26666666666666666,0.0488976,0.16371333688443726,0.36381066420019276
vGraph,facebook0,0.02,3.9952008724212646,0,4600,0.26916666666666667,0.0489691,0.16501072000231298,0.3682219971409033
vGraph,facebook0,0.02,4.01043176651001,0,4700,0.264375,0.0578541,0.16192670114784424,0.36953957387136827
vGraph,facebook0,0.02,4.010141849517822,0,4800,0.2660416666666667,0.0581214,0.16271993715633606,0.369688501568311
vGraph,facebook0,0.02,4.006854057312012,0,4900,0.26645833333333335,0.060563,0.16406439828864283,0.3643832872550513
vGraph,facebook0,0.02,4.003306865692139,0,5000,0.26375,0.0488167,0.16159880741632326,0.3666638509613558
vGraph,facebook0,0.02,7.215880393981934,0,0,0.2791666666666667,0.0196144,0.1792140230416326,0.016149829773278463
vGraph,facebook0,0.02,5.377608299255371,0,100,0.2735416666666666,0.0158746,0.1743975074867558,0.009566673984348562
vGraph,facebook0,0.02,5.377924919128418,0,200,0.27208333333333334,0.0185692,0.1737786197435644,0.022839520084042497
vGraph,facebook0,0.02,5.37733793258667,0,300,0.2652083333333334,0.021712,0.1677126419712364,0.07008371942904429
vGraph,facebook0,0.02,4.915937900543213,0,400,0.12687500000000002,0.0432765,0.0774317377310637,0.2525039158528569
vGraph,facebook0,0.02,4.3571929931640625,0,500,0.21666666666666667,0.0527518,0.13556062638577898,0.3996549605294325
vGraph,facebook0,0.02,4.2464399337768555,0,600,0.24541666666666667,0.0604272,0.15304828101333395,0.3480627816132132
vGraph,facebook0,0.02,4.181652545928955,0,700,0.263125,0.0629254,0.16255673468174386,0.35260657352670716
vGraph,facebook0,0.02,4.108612060546875,0,800,0.26395833333333335,0.0562025,0.16166431507620233,0.3555710226730993
vGraph,facebook0,0.02,4.07967472076416,0,900,0.26895833333333335,0.0667254,0.1656386525952619,0.35280144029630467
vGraph,facebook0,0.02,4.060313701629639,0,1000,0.2685416666666667,0.0676072,0.1653286268466147,0.3495172299889636
vGraph,facebook0,0.02,4.063004016876221,0,1100,0.26875,0.0509081,0.1642800719635258,0.35189692123111666
vGraph,facebook0,0.02,4.047924041748047,0,1200,0.268125,0.0599365,0.1646883663932516,0.35660926147464267
vGraph,facebook0,0.02,4.06361198425293,0,1300,0.2677083333333333,0.063237,0.16447472819037473,0.36571047730775286
vGraph,facebook0,0.02,4.045895576477051,0,1400,0.2652083333333333,0.0502041,0.16286523933739364,0.3725299474687099
vGraph,facebook0,0.02,4.04647159576416,0,1500,0.26479166666666665,0.0524464,0.1615668944061113,0.36471313452457627
vGraph,facebook0,0.02,4.04939603805542,0,1600,0.26625000000000004,0.049065,0.16388218816946049,0.3718059539874879
vGraph,facebook0,0.02,4.051292419433594,0,1700,0.26625,0.0531378,0.1634494835013172,0.3655935414864497
vGraph,facebook0,0.02,4.0398054122924805,0,1800,0.265625,0.0544269,0.16298169729680728,0.3694353244835085
vGraph,facebook0,0.02,4.018510818481445,0,1900,0.264375,0.0557257,0.16177071234231716,0.37484778249811157
vGraph,facebook0,0.02,4.020794868469238,0,2000,0.26,0.0500729,0.15927703150300732,0.3795408172994412
vGraph,facebook0,0.02,4.033252716064453,0,2100,0.2572916666666667,0.051467,0.1571672870691726,0.3771623080231369
vGraph,facebook0,0.02,4.023759841918945,0,2200,0.25958333333333333,0.0516011,0.15886758968781933,0.3799951649717013
vGraph,facebook0,0.02,4.028876304626465,0,2300,0.26104166666666667,0.0528194,0.15973773804268354,0.37600957612971114
vGraph,facebook0,0.02,4.02467155456543,0,2400,0.26104166666666667,0.0505586,0.15915596903474227,0.3717035957449859
vGraph,facebook0,0.02,4.028026103973389,0,2500,0.2608333333333333,0.0509671,0.15941612178561626,0.37841621619321586
vGraph,facebook0,0.02,4.01458215713501,0,2600,0.2604166666666667,0.0514697,0.1590407876691814,0.3732330595532704
vGraph,facebook0,0.02,4.011771202087402,0,2700,0.26145833333333335,0.0517525,0.1597341868673673,0.3704926323340784
vGraph,facebook0,0.02,4.01619815826416,0,2800,0.2629166666666667,0.0523781,0.16070427931560347,0.3731856233238739
vGraph,facebook0,0.02,4.00852108001709,0,2900,0.2616666666666667,0.0518472,0.16017033951092566,0.3780241187223233
vGraph,facebook0,0.02,4.026291370391846,0,3000,0.26083333333333336,0.0525953,0.15993691974732321,0.37711770851177734
vGraph,facebook0,0.02,4.0195631980896,0,3100,0.2602083333333334,0.0507752,0.15928264051474889,0.37673380600410283
vGraph,facebook0,0.02,4.014932632446289,0,3200,0.26041666666666663,0.0477703,0.15933216174949572,0.37554214803539154
vGraph,facebook0,0.02,4.010769844055176,0,3300,0.25958333333333333,0.0487586,0.1591610847951731,0.37176387600327226
vGraph,facebook0,0.02,4.0191850662231445,0,3400,0.260625,0.0486812,0.15930727900164376,0.3712293122487436
vGraph,facebook0,0.02,4.008212566375732,0,3500,0.26249999999999996,0.0494883,0.1603807604011946,0.3678328151857711
vGraph,facebook0,0.02,4.015747547149658,0,3600,0.2608333333333333,0.050023,0.1597091484787512,0.37313054371532217
vGraph,facebook0,0.02,4.016363143920898,0,3700,0.2597916666666667,0.051062,0.15894421753796226,0.3780356231899178
vGraph,facebook0,0.02,4.015966415405273,0,3800,0.2597916666666667,0.0501204,0.15896006978164384,0.38033044928413057
vGraph,facebook0,0.02,4.014815330505371,0,3900,0.26166666666666666,0.0510328,0.16032747505180522,0.37109480453515575
vGraph,facebook0,0.02,4.01580810546875,0,4000,0.26041666666666663,0.0485419,0.15937503392867677,0.37714410574906615
vGraph,facebook0,0.02,4.018555164337158,0,4100,0.25958333333333333,0.0479945,0.15851120550216852,0.3803120894146133
vGraph,facebook0,0.02,3.9986369609832764,0,4200,0.260625,0.0502338,0.1591108747861884,0.37246265421305425
vGraph,facebook0,0.02,4.004265785217285,0,4300,0.25833333333333336,0.0486181,0.15792188854546396,0.38004252240337477
vGraph,facebook0,0.02,4.011404037475586,0,4400,0.26083333333333336,0.0497467,0.15944291619314377,0.37054629358361174
vGraph,facebook0,0.02,4.0005292892456055,0,4500,0.26145833333333335,0.05135,0.1597481294649507,0.37224950637166265
vGraph,facebook0,0.02,3.9947404861450195,0,4600,0.26,0.049719,0.15907388888870502,0.3717171489533849
vGraph,facebook0,0.02,4.0106096267700195,0,4700,0.2610416666666667,0.0494889,0.15999344617470723,0.3719250173473188
vGraph,facebook0,0.02,4.007673263549805,0,4800,0.25958333333333333,0.049785,0.15872524165845697,0.3740403422279677
vGraph,facebook0,0.02,4.014658451080322,0,4900,0.260625,0.0500499,0.15936941292629547,0.3688209386353274
vGraph,facebook0,0.02,4.005572319030762,0,5000,0.2622916666666667,0.050885,0.16050301061254463,0.36873954058721
vGraph,facebook0,0.02,7.241425514221191,0,0,0.280625,0.0176025,0.17994452822682455,0.02686048910377203
vGraph,facebook0,0.02,5.379113674163818,0,100,0.26708333333333334,0.0140964,0.16963327924154478,0.01264664059302536
vGraph,facebook0,0.02,5.377954483032227,0,200,0.2733333333333333,0.0174086,0.17393436059893025,0.02048819602225941
vGraph,facebook0,0.02,5.378390789031982,0,300,0.26937500000000003,0.0193338,0.17096798966903712,0.027466837584181572
vGraph,facebook0,0.02,5.216976642608643,0,400,0.2320833333333333,0.0240885,0.1427217866629271,0.2469023433024536
vGraph,facebook0,0.02,4.618892192840576,0,500,0.15166666666666667,0.0639538,0.09080057602360042,0.41348797964371137
vGraph,facebook0,0.02,4.378709316253662,0,600,0.175,0.0715191,0.10771572142253577,0.38632041581243365
vGraph,facebook0,0.02,4.288332939147949,0,700,0.21000000000000002,0.0606716,0.12711983071569188,0.3495095866098084
vGraph,facebook0,0.02,4.233234405517578,0,800,0.2104166666666667,0.0595842,0.12617068936833137,0.33553354962783055
vGraph,facebook0,0.02,4.163869857788086,0,900,0.21666666666666667,0.062257,0.12972023746451325,0.3521601056267721
vGraph,facebook0,0.02,4.15585470199585,0,1000,0.21208333333333332,0.0562463,0.12704635657449165,0.3407776169078482
vGraph,facebook0,0.02,4.138670444488525,0,1100,0.21333333333333332,0.0483252,0.12775857003379668,0.3675452034959083
vGraph,facebook0,0.02,4.145402908325195,0,1200,0.2054166666666667,0.0574575,0.12319452674558481,0.3691089443138065
vGraph,facebook0,0.02,4.127439498901367,0,1300,0.20833333333333334,0.0532737,0.12419558235573425,0.37126311647201793
vGraph,facebook0,0.02,4.144701957702637,0,1400,0.20604166666666668,0.0554447,0.12318195719749092,0.3619214099875484
vGraph,facebook0,0.02,4.116820812225342,0,1500,0.20666666666666667,0.0587788,0.12371188750308822,0.36846879161012275
vGraph,facebook0,0.02,4.125219345092773,0,1600,0.2066666666666667,0.0586268,0.12294715762265987,0.3690561498392291
vGraph,facebook0,0.02,4.124779224395752,0,1700,0.20645833333333333,0.059223,0.1232877697183883,0.37098369974537304
vGraph,facebook0,0.02,4.112345218658447,0,1800,0.205625,0.0585054,0.12293615652054891,0.3717091115856135
vGraph,facebook0,0.02,4.0913519859313965,0,1900,0.2079166666666667,0.0608293,0.1244200954199271,0.36306492254735395
vGraph,facebook0,0.02,4.099073886871338,0,2000,0.20833333333333331,0.0596033,0.1246484354604405,0.36754953737068696
vGraph,facebook0,0.02,4.09443473815918,0,2100,0.20833333333333337,0.0586545,0.12469779036994544,0.3648377137250347
vGraph,facebook0,0.02,4.109130859375,0,2200,0.20770833333333333,0.0598975,0.12419975674308159,0.3662803424422976
vGraph,facebook0,0.02,4.097048282623291,0,2300,0.20708333333333334,0.0610165,0.12356886024932831,0.3690037493532677
vGraph,facebook0,0.02,4.109167575836182,0,2400,0.20708333333333334,0.060288,0.12349278295639646,0.36426351471571117
vGraph,facebook0,0.02,4.1109299659729,0,2500,0.20875000000000002,0.0612279,0.12507594775250036,0.37041667132886524
vGraph,facebook0,0.02,4.109983444213867,0,2600,0.20666666666666667,0.0579495,0.1236740525623937,0.3755234729749812
vGraph,facebook0,0.02,4.092083930969238,0,2700,0.20666666666666667,0.061446,0.123395468065059,0.36879737811607566
vGraph,facebook0,0.02,4.1097588539123535,0,2800,0.20645833333333335,0.060336,0.1236438726413405,0.36687518645511263
vGraph,facebook0,0.02,4.0997843742370605,0,2900,0.20666666666666667,0.0638992,0.12352079548729769,0.3769612162334026
vGraph,facebook0,0.02,4.0756916999816895,0,3000,0.20708333333333334,0.0594101,0.1239758271731762,0.37466985723901286
vGraph,facebook0,0.02,4.102757930755615,0,3100,0.20500000000000002,0.0603756,0.12269371340118271,0.3770070765083342
vGraph,facebook0,0.02,4.105525493621826,0,3200,0.20520833333333338,0.060911,0.12273670375886503,0.36903487445395144
vGraph,facebook0,0.02,4.104359149932861,0,3300,0.20520833333333338,0.0598372,0.12274862188154478,0.3785559245565383
vGraph,facebook0,0.02,4.087982177734375,0,3400,0.20687500000000003,0.0598564,0.12358462286622135,0.37433520330836967
vGraph,facebook0,0.02,4.085033893585205,0,3500,0.20666666666666667,0.0606414,0.12343710380469225,0.3713881684588158
vGraph,facebook0,0.02,4.093166351318359,0,3600,0.20791666666666667,0.0586588,0.12458280603244387,0.37263206931804194
vGraph,facebook0,0.02,4.094668388366699,0,3700,0.20645833333333335,0.0589587,0.12327241226373717,0.3792253112155478
vGraph,facebook0,0.02,4.085657596588135,0,3800,0.20770833333333333,0.0600418,0.12415457951233007,0.3758313356797194
vGraph,facebook0,0.02,4.084968566894531,0,3900,0.20520833333333333,0.0591564,0.12219179439521162,0.3770663323962183
vGraph,facebook0,0.02,4.081604957580566,0,4000,0.2072916666666667,0.0612533,0.12372705965995288,0.37305466150783223
vGraph,facebook0,0.02,4.087604999542236,0,4100,0.2091666666666667,0.0632608,0.12507880451533016,0.37369930568174137
vGraph,facebook0,0.02,4.092949867248535,0,4200,0.20708333333333334,0.0586977,0.12359227999148681,0.3743485989213222
vGraph,facebook0,0.02,4.087239742279053,0,4300,0.20645833333333335,0.0605296,0.1231477056394487,0.37031927734292813
vGraph,facebook0,0.02,4.080878734588623,0,4400,0.20645833333333335,0.05929,0.12328538681448822,0.37034181349177764
vGraph,facebook0,0.02,4.085634231567383,0,4500,0.20583333333333334,0.0576654,0.1223301021675832,0.3790820569546791
vGraph,facebook0,0.02,4.077645301818848,0,4600,0.20625000000000002,0.0594133,0.12274789474638273,0.3734837939086523
vGraph,facebook0,0.02,4.080936431884766,0,4700,0.20520833333333333,0.0589584,0.1220145582118847,0.3737584827719021
vGraph,facebook0,0.02,4.0902204513549805,0,4800,0.2054166666666667,0.0600843,0.12216773489278573,0.3695138858135888
vGraph,facebook0,0.02,4.074505805969238,0,4900,0.20541666666666664,0.0581817,0.12182638140779092,0.37289013186168607
vGraph,facebook0,0.02,4.089421272277832,0,5000,0.20604166666666668,0.0584487,0.12246862478655782,0.37116099462268576
vGraph,facebook0,0.01,7.257852077484131,0,0,0.28041666666666665,0.0187946,0.18034229432181992,0.020390329249982776
vGraph,facebook0,0.01,5.376124858856201,0,100,0.2658333333333333,0.0177475,0.16873372129201575,0.005282047782624184
vGraph,facebook0,0.01,5.376336574554443,0,200,0.2579166666666667,0.0164505,0.16342304261554186,0.01842282889815095
vGraph,facebook0,0.01,5.376863956451416,0,300,0.27208333333333334,0.0170905,0.17295578971637648,0.009207986748114095
vGraph,facebook0,0.01,5.3765130043029785,0,400,0.26416666666666666,0.0142541,0.16727311226885538,0.01230962273068467
vGraph,facebook0,0.01,5.377593994140625,0,500,0.2679166666666667,0.0175445,0.16934993069408444,0.019964112364922973
vGraph,facebook0,0.01,5.376556396484375,0,600,0.26479166666666665,0.0172945,0.16772291195015634,0.03314886261002329
vGraph,facebook0,0.01,5.37671422958374,0,700,0.265625,0.0179501,0.1687382467454411,0.04297478110386469
vGraph,facebook0,0.01,5.3763861656188965,0,800,0.25583333333333336,0.020979,0.16058548723462904,0.09132230616981446
vGraph,facebook0,0.01,5.377228260040283,0,900,0.259375,0.0276669,0.16431453339140256,0.07588370464659142
vGraph,facebook0,0.01,5.066812992095947,0,1000,0.228125,0.0366117,0.1427897072758123,0.2190830435021743
vGraph,facebook0,0.01,4.970217227935791,0,1100,0.17916666666666664,0.0443159,0.11185888237413183,0.2748865667374953
vGraph,facebook0,0.01,4.971011161804199,0,1200,0.195,0.0359647,0.1216358814778748,0.258243069228055
vGraph,facebook0,0.01,4.968898773193359,0,1300,0.18333333333333335,0.0368823,0.11357595962363554,0.22261255112199285
vGraph,facebook0,0.01,4.8575215339660645,0,1400,0.12125,0.101474,0.07436479306908181,0.36673342935098585
vGraph,facebook0,0.01,4.60695219039917,0,1500,0.14625,0.0779722,0.08795016670740549,0.4010217858369288
vGraph,facebook0,0.01,4.580894470214844,0,1600,0.16875,0.088144,0.10861458290624207,0.40901904556730506
vGraph,facebook0,0.01,4.542486667633057,0,1700,0.143125,0.0729137,0.08767494710728665,0.40923510892445686
vGraph,facebook0,0.01,4.523106575012207,0,1800,0.16104166666666664,0.0771711,0.09877098104683464,0.41363273106132176
vGraph,facebook0,0.01,4.510046005249023,0,1900,0.16375,0.076553,0.10275423725469945,0.4132555263601235
vGraph,facebook0,0.01,4.482123851776123,0,2000,0.17250000000000001,0.0709452,0.10646912908143447,0.4138006490095678
vGraph,facebook0,0.01,4.4611287117004395,0,2100,0.176875,0.0679177,0.10990979969100179,0.41042054187303123
vGraph,facebook0,0.01,4.431571960449219,0,2200,0.17375000000000002,0.0567816,0.10752573417003025,0.3980647436765221
vGraph,facebook0,0.01,4.384212017059326,0,2300,0.18145833333333333,0.0633292,0.11321559480739046,0.41354164089324474
vGraph,facebook0,0.01,4.37477970123291,0,2400,0.18145833333333333,0.0506861,0.11296124995714305,0.40325491331383667
vGraph,facebook0,0.01,4.361435413360596,0,2500,0.18416666666666665,0.0533257,0.11467490401640568,0.39921968190619894
vGraph,facebook0,0.01,4.356732368469238,0,2600,0.18270833333333336,0.0521976,0.11420062071233496,0.3997055486677591
vGraph,facebook0,0.01,4.337769031524658,0,2700,0.18312499999999998,0.0516164,0.11395058737817032,0.39566291027413564
vGraph,facebook0,0.01,4.339088439941406,0,2800,0.18229166666666669,0.0521026,0.11352345329046784,0.4017109507244741
vGraph,facebook0,0.01,4.339684009552002,0,2900,0.18208333333333332,0.052627,0.11340493453204696,0.4009295925007262
vGraph,facebook0,0.01,4.336226463317871,0,3000,0.18083333333333335,0.053158,0.11281696200322608,0.4007701059088679
vGraph,facebook0,0.01,4.338623523712158,0,3100,0.18208333333333335,0.055011,0.11321566771536305,0.4006285851979107
vGraph,facebook0,0.01,4.345984935760498,0,3200,0.18083333333333335,0.0531846,0.1122788259301096,0.40250909286327446
vGraph,facebook0,0.01,4.316323280334473,0,3300,0.18208333333333332,0.0525037,0.1133138355511745,0.4034088840650674
vGraph,facebook0,0.01,4.321298599243164,0,3400,0.18125,0.0535107,0.11266303847125167,0.40434492221955537
vGraph,facebook0,0.01,4.322701454162598,0,3500,0.18125,0.0533198,0.11263674300898248,0.402336919837973
vGraph,facebook0,0.01,4.322705268859863,0,3600,0.181875,0.0531741,0.11282523673999112,0.4044432617781714
vGraph,facebook0,0.01,4.3194122314453125,0,3700,0.1847916666666667,0.0533712,0.11431053068128612,0.40463694658192023
vGraph,facebook0,0.01,4.304523468017578,0,3800,0.18416666666666667,0.0526541,0.11437131196461006,0.4045957353726604
vGraph,facebook0,0.01,4.321748733520508,0,3900,0.18375,0.0508918,0.11402612841010565,0.4028343698648508
vGraph,facebook0,0.01,4.313337802886963,0,4000,0.1825,0.0504669,0.1128967312564868,0.4049623811789432
vGraph,facebook0,0.01,4.3122687339782715,0,4100,0.18375,0.0523176,0.11375475071249844,0.40513518458603065
vGraph,facebook0,0.01,4.299182415008545,0,4200,0.1827083333333333,0.0507705,0.1132892998676191,0.40592568334567575
vGraph,facebook0,0.01,4.324334621429443,0,4300,0.18312499999999998,0.0523385,0.11339156783840276,0.40320865905028885
vGraph,facebook0,0.01,4.306842803955078,0,4400,0.18145833333333333,0.0472001,0.11214357512581685,0.4028316907422604
vGraph,facebook0,0.01,4.309993267059326,0,4500,0.18125,0.0484904,0.11193345598419432,0.40534234380045514
vGraph,facebook0,0.01,4.3049116134643555,0,4600,0.18125,0.0488871,0.11214439576442528,0.40430709931239533
vGraph,facebook0,0.01,4.307187080383301,0,4700,0.1825,0.0494296,0.11288831851438962,0.40375401809290284
vGraph,facebook0,0.01,4.304606914520264,0,4800,0.18229166666666666,0.0501266,0.11293737637842462,0.4042342902161122
vGraph,facebook0,0.01,4.3142266273498535,0,4900,0.1827083333333333,0.0509677,0.11328638388183014,0.40405534058661113
vGraph,facebook0,0.01,4.297115802764893,0,5000,0.18375000000000002,0.0508386,0.11399462328103027,0.40298156401188207
vGraph,facebook0,0.01,7.25435209274292,0,0,0.2791666666666667,0.0187519,0.1797762259853595,0.018114335811626792
vGraph,facebook0,0.01,5.376276016235352,0,100,0.2733333333333333,0.0211091,0.17392882871512483,0.004130734248216923
vGraph,facebook0,0.01,5.37639045715332,0,200,0.26229166666666665,0.0149182,0.16558508048212991,0.004878524641860409
vGraph,facebook0,0.01,5.376382827758789,0,300,0.27,0.0164795,0.17209979360170943,0.015367210785958431
vGraph,facebook0,0.01,5.376184463500977,0,400,0.26708333333333334,0.0163365,0.16939237591752623,0.015340025571437144
vGraph,facebook0,0.01,5.376476764678955,0,500,0.2752083333333334,0.0196841,0.17484130825407668,0.00883826783062461
vGraph,facebook0,0.01,5.376721382141113,0,600,0.2672916666666667,0.0160321,0.16944100304006865,0.02214420897408358
vGraph,facebook0,0.01,5.376797676086426,0,700,0.27125,0.0214101,0.17166134767467853,0.05418194488855716
vGraph,facebook0,0.01,5.376688480377197,0,800,0.26145833333333335,0.0215971,0.1646917797292658,0.048426086396030105
vGraph,facebook0,0.01,5.376518249511719,0,900,0.25416666666666665,0.0240083,0.15974223270714272,0.08370327551103869
vGraph,facebook0,0.01,5.315379619598389,0,1000,0.21916666666666668,0.0388662,0.13550390482445854,0.13149535542579852
vGraph,facebook0,0.01,4.970094203948975,0,1100,0.2091666666666667,0.0456354,0.13183708425672735,0.25970453060117465
vGraph,facebook0,0.01,4.881103038787842,0,1200,0.09166666666666667,0.10407,0.05656082784243914,0.36361233033077234
vGraph,facebook0,0.01,4.607213497161865,0,1300,0.17229166666666665,0.0661966,0.1052144619292225,0.40016178748537706
vGraph,facebook0,0.01,4.563723564147949,0,1400,0.1564583333333333,0.0626823,0.09372303804423296,0.4088847742468868
vGraph,facebook0,0.01,4.551677227020264,0,1500,0.13208333333333333,0.0723081,0.08011501495254067,0.4128735937955302
vGraph,facebook0,0.01,4.505619525909424,0,1600,0.129375,0.0650113,0.07913483388902307,0.4160983906195408
vGraph,facebook0,0.01,4.505133152008057,0,1700,0.13270833333333337,0.0660557,0.08099512982135643,0.4162372322079075
vGraph,facebook0,0.01,4.492397308349609,0,1800,0.13166666666666665,0.0689569,0.0807637593066258,0.41016106097036864
vGraph,facebook0,0.01,4.463551044464111,0,1900,0.14104166666666668,0.063377,0.08605110520709808,0.4283660929614564
vGraph,facebook0,0.01,4.424210071563721,0,2000,0.15145833333333336,0.049166,0.09147556631308071,0.42722116204263244
vGraph,facebook0,0.01,4.404689311981201,0,2100,0.14645833333333336,0.048353,0.08901876052553516,0.4226575131028794
vGraph,facebook0,0.01,4.387098789215088,0,2200,0.14625,0.0498431,0.08944093899209954,0.4153227058318667
vGraph,facebook0,0.01,4.369265079498291,0,2300,0.15104166666666666,0.0445428,0.09197706847843695,0.39814834806089044
vGraph,facebook0,0.01,4.36290979385376,0,2400,0.1589583333333333,0.0423402,0.0960186413483948,0.39913828385808153
vGraph,facebook0,0.01,4.36792516708374,0,2500,0.16604166666666667,0.0471916,0.10055192649746675,0.37398297748544174
vGraph,facebook0,0.01,4.3422675132751465,0,2600,0.16145833333333331,0.0502181,0.09783122147017376,0.386118220854574
vGraph,facebook0,0.01,4.329219818115234,0,2700,0.16749999999999998,0.0429243,0.10103866533741028,0.3823025987016342
vGraph,facebook0,0.01,4.317284107208252,0,2800,0.17270833333333335,0.0506536,0.10407813099342847,0.37834064917661897
vGraph,facebook0,0.01,4.311845779418945,0,2900,0.17125,0.0520622,0.10323036682170414,0.3822106417586013
vGraph,facebook0,0.01,4.3256144523620605,0,3000,0.17479166666666668,0.0546025,0.10565860185401496,0.3828279431225426
vGraph,facebook0,0.01,4.310744285583496,0,3100,0.17562500000000003,0.0565653,0.1060637667597952,0.383152589742333
vGraph,facebook0,0.01,4.294076919555664,0,3200,0.17020833333333335,0.0543251,0.10237281497143355,0.37778370686868723
vGraph,facebook0,0.01,4.289688587188721,0,3300,0.17833333333333334,0.0608274,0.10731528850563,0.37396524799771047
vGraph,facebook0,0.01,4.303236961364746,0,3400,0.17729166666666668,0.0547863,0.10618591097351991,0.3601943214893526
vGraph,facebook0,0.01,4.294612407684326,0,3500,0.17875000000000002,0.0604259,0.10750931494379826,0.37217086624385914
vGraph,facebook0,0.01,4.285593032836914,0,3600,0.17854166666666668,0.0600317,0.10680524221476179,0.36558621329818747
vGraph,facebook0,0.01,4.284460544586182,0,3700,0.17895833333333333,0.0584254,0.10743941091830231,0.3593701761018797
vGraph,facebook0,0.01,4.283477783203125,0,3800,0.17979166666666666,0.0568978,0.10759815531842336,0.3537501648842359
vGraph,facebook0,0.01,4.279611587524414,0,3900,0.18,0.0587285,0.10786329220964944,0.3582500664658795
vGraph,facebook0,0.01,4.287667751312256,0,4000,0.18041666666666667,0.0597677,0.10862237202767266,0.36683358125723653
vGraph,facebook0,0.01,4.26487922668457,0,4100,0.18062500000000004,0.0564862,0.10857183638770548,0.36826872419079065
vGraph,facebook0,0.01,4.280768871307373,0,4200,0.17916666666666667,0.0570737,0.10723978671322498,0.37053541949780316
vGraph,facebook0,0.01,4.2775726318359375,0,4300,0.178125,0.0535764,0.10648952803901646,0.36784605320327707
vGraph,facebook0,0.01,4.2690324783325195,0,4400,0.17666666666666667,0.0531982,0.10565762139239951,0.36780539357808
vGraph,facebook0,0.01,4.276299476623535,0,4500,0.17625,0.0487801,0.10549494440807133,0.36734474208796
vGraph,facebook0,0.01,4.274586200714111,0,4600,0.17708333333333331,0.0487746,0.10623299896295138,0.36590755041360135
vGraph,facebook0,0.01,4.268892288208008,0,4700,0.176875,0.0494255,0.10587136020172255,0.36697336841828226
vGraph,facebook0,0.01,4.2719221115112305,0,4800,0.17583333333333334,0.0497977,0.10519341087025334,0.3682279069701472
vGraph,facebook0,0.01,4.245048999786377,0,4900,0.17604166666666665,0.0496294,0.1049910581177452,0.3664409322022813
vGraph,facebook0,0.01,4.2443647384643555,0,5000,0.17458333333333334,0.0476206,0.10424018090884758,0.3647025756296608
vGraph,facebook0,0.01,7.2651824951171875,0,0,0.27958333333333335,0.0196598,0.18013385924694802,0.021542982345685295
vGraph,facebook0,0.01,5.376333713531494,0,100,0.258125,0.0123269,0.16319373356036776,0.018065008436872233
vGraph,facebook0,0.01,5.376458644866943,0,200,0.2677083333333333,0.0202065,0.16979363680345083,0.0075521313917364195
vGraph,facebook0,0.01,5.377163887023926,0,300,0.2658333333333333,0.0145409,0.16831982383276947,0.00641311030215617
vGraph,facebook0,0.01,5.376690864562988,0,400,0.2652083333333333,0.0158538,0.16750554591363276,0.00931775197660149
vGraph,facebook0,0.01,5.376942157745361,0,500,0.26916666666666667,0.0200789,0.17091234039168038,0.012963643833660526
vGraph,facebook0,0.01,5.377048492431641,0,600,0.2635416666666667,0.0161129,0.16656331526877788,0.01299342937304906
vGraph,facebook0,0.01,5.375860214233398,0,700,0.265,0.0167754,0.16788836643237282,0.04055584859553302
vGraph,facebook0,0.01,5.3765997886657715,0,800,0.2729166666666667,0.0231361,0.17401238016627166,0.038206652072277685
vGraph,facebook0,0.01,5.376369953155518,0,900,0.2689583333333333,0.0238287,0.17079511485281737,0.05296641120970107
vGraph,facebook0,0.01,5.176761627197266,0,1000,0.26708333333333334,0.0345378,0.16907924649922945,0.13299298495388992
vGraph,facebook0,0.01,5.110604286193848,0,1100,0.2235416666666667,0.0243814,0.1363135816044398,0.2013987068663233
vGraph,facebook0,0.01,5.10506534576416,0,1200,0.22229166666666667,0.0296849,0.1365615449430228,0.21811532866293984
vGraph,facebook0,0.01,4.788183689117432,0,1300,0.234375,0.0696423,0.15224119564866676,0.33899812792369105
vGraph,facebook0,0.01,4.543570041656494,0,1400,0.21416666666666667,0.0648964,0.13997880528118076,0.39058865208772203
vGraph,facebook0,0.01,4.467353343963623,0,1500,0.218125,0.0962071,0.14365861490906448,0.4038644137031762
vGraph,facebook0,0.01,4.446003437042236,0,1600,0.2210416666666667,0.0783188,0.1461248272016419,0.40360792711399707
vGraph,facebook0,0.01,4.431455135345459,0,1700,0.23145833333333335,0.082211,0.15735977988483102,0.4029505965066447
vGraph,facebook0,0.01,4.422628879547119,0,1800,0.23229166666666667,0.0806802,0.15803527341845347,0.40354528292401326
vGraph,facebook0,0.01,4.419734477996826,0,1900,0.23229166666666667,0.0813679,0.15797839056086121,0.40432057372307095
vGraph,facebook0,0.01,4.41271448135376,0,2000,0.23270833333333332,0.0813019,0.1585338907073262,0.4046475054768358
vGraph,facebook0,0.01,4.412208557128906,0,2100,0.23229166666666667,0.0807325,0.15838192505430798,0.4055386289290713
vGraph,facebook0,0.01,4.4129486083984375,0,2200,0.23375,0.105078,0.15999688863554196,0.4070501268564546
vGraph,facebook0,0.01,4.392943859100342,0,2300,0.23291666666666666,0.10241,0.15927413045665736,0.409549905828841
vGraph,facebook0,0.01,4.390301704406738,0,2400,0.2335416666666667,0.103125,0.15943261554065014,0.409549905828841
vGraph,facebook0,0.01,4.387167930603027,0,2500,0.23375,0.103294,0.15949299552311838,0.41138069213083384
vGraph,facebook0,0.01,4.387394428253174,0,2600,0.23395833333333332,0.102171,0.15973227873915363,0.4118092729475912
vGraph,facebook0,0.01,4.389671325683594,0,2700,0.23416666666666666,0.102791,0.15986419475407648,0.41250805115737305
vGraph,facebook0,0.01,4.387956142425537,0,2800,0.23416666666666666,0.101116,0.15981753160931472,0.4129378927377024
vGraph,facebook0,0.01,4.374172687530518,0,2900,0.23479166666666668,0.0985723,0.15987315214253234,0.40873080349565605
vGraph,facebook0,0.01,4.372086048126221,0,3000,0.23458333333333334,0.0987297,0.15977141667505473,0.41477474646438556
vGraph,facebook0,0.01,4.374826431274414,0,3100,0.235,0.0981022,0.15995770294559597,0.4196656423487963
vGraph,facebook0,0.01,4.366987705230713,0,3200,0.235,0.0978473,0.15990787012666594,0.4155692639079163
vGraph,facebook0,0.01,4.3726019859313965,0,3300,0.235625,0.098852,0.16045475953101918,0.4184482963223053
vGraph,facebook0,0.01,4.373165607452393,0,3400,0.23541666666666666,0.0983323,0.16029582429456457,0.41740769358906443
vGraph,facebook0,0.01,4.379351615905762,0,3500,0.235,0.0974486,0.16014173762947875,0.41724600066095535
vGraph,facebook0,0.01,4.367169380187988,0,3600,0.23354166666666665,0.0963085,0.15944868911522408,0.41921815007845886
vGraph,facebook0,0.01,4.367635726928711,0,3700,0.23083333333333333,0.0949957,0.15380318837858464,0.41696918425917767
vGraph,facebook0,0.01,4.367587566375732,0,3800,0.23062500000000002,0.0953843,0.1536741636391314,0.4165287049862096
vGraph,facebook0,0.01,4.365334987640381,0,3900,0.23125,0.0946578,0.15418899084772045,0.4165287049862096
vGraph,facebook0,0.01,4.370689868927002,0,4000,0.2316666666666667,0.094441,0.15444619249381097,0.41439092275443423
vGraph,facebook0,0.01,4.3589863777160645,0,4100,0.23145833333333332,0.094441,0.15428761111079198,0.41695783738702974
vGraph,facebook0,0.01,4.362950801849365,0,4200,0.23145833333333332,0.0958624,0.15465974552242517,0.4185078674010824
vGraph,facebook0,0.01,4.360633850097656,0,4300,0.231875,0.0952758,0.15488385058510928,0.4185078674010824
vGraph,facebook0,0.01,4.365008354187012,0,4400,0.23229166666666667,0.0953781,0.15508098461341283,0.4195341289486918
vGraph,facebook0,0.01,4.352260589599609,0,4500,0.23166666666666666,0.0948276,0.1544964739077309,0.4178725213585169
vGraph,facebook0,0.01,4.3568549156188965,0,4600,0.22562499999999996,0.0935259,0.14760823543550322,0.4178725213585169
vGraph,facebook0,0.01,4.364945888519287,0,4700,0.224375,0.0910303,0.14678088966027442,0.41753629147340865
vGraph,facebook0,0.01,4.349978446960449,0,4800,0.22562499999999996,0.093241,0.14755584753769496,0.4194525733051278
vGraph,facebook0,0.01,4.354809761047363,0,4900,0.22604166666666664,0.0928996,0.14790108821050418,0.4182531143618149
vGraph,facebook0,0.01,4.345518112182617,0,5000,0.22583333333333333,0.092994,0.14777558620247205,0.4173349632905047
